GAS LISTING C:\Users\emanuel\AppData\Local\Temp\cc5fuPNk.s 			page 1


   1               		.file	"main.c"
   2               	__SP_H__ = 0x3e
   3               	__SP_L__ = 0x3d
   4               	__SREG__ = 0x3f
   5               	__tmp_reg__ = 0
   6               	__zero_reg__ = 1
   7               		.text
   8               	.Ltext0:
   9               		.cfi_sections	.debug_frame
  10               		.file 0 "E:\\Projects\\C-PSH_LD" "main.c"
  11               		.section	.text.main,"ax",@progbits
  12               	.global	main
  14               	main:
  15               	.LFB6:
  16               		.file 1 "main.c"
   1:main.c        **** #define F_CPU 16000000UL // Define para "util/delay"
   2:main.c        **** 
   3:main.c        **** #include <avr/io.h>
   4:main.c        **** #include <util/delay.h>
   5:main.c        **** #include <avr/interrupt.h>
   6:main.c        **** // Posição do botão
   7:main.c        **** #define BUTTON_DDR  DDRB
   8:main.c        **** #define BUTTON_PORT PORTB
   9:main.c        **** #define BUTTON_PIN  PINB
  10:main.c        **** #define BUTTON_BIT  PB2
  11:main.c        **** // Interrupção do botão
  12:main.c        **** #define BUTTON_INT  PCINT2_vect
  13:main.c        **** #define BUTTON_PCI  PCINT2
  14:main.c        **** #define INT_PORT    PCIE0
  15:main.c        **** // Posição do LED
  16:main.c        **** #define LED_DDR     DDRD
  17:main.c        **** #define LED_PORT    PORTD
  18:main.c        **** // Funções
  19:main.c        **** #define clrBit(auxReg, auxBit)      ((auxReg) &= (~(1<<(auxBit))))
  20:main.c        **** #define SetBit(auxReg, auxBit)      ((auxReg) |= (1<<(auxBit)))
  21:main.c        **** #define isBitSet(auxReg, auxBit)    ((auxReg>>auxBit) & 0x01)
  22:main.c        **** #define isBitClear(auxReg, auxBit)  (!(isBitSet(auxReg, auxBit)))
  23:main.c        **** #define BSL(num, val)               (num << val)
  24:main.c        **** #define Push_to_LED_Port(v1, v2)    (LED_PORT = (BSL(1, v1) | BSL(1, v2)))
  25:main.c        **** 
  26:main.c        **** volatile uint8_t cont = 1;
  27:main.c        **** 
  28:main.c        **** int main()
  29:main.c        **** {
  17               		.loc 1 29 1 view -0
  18               		.cfi_startproc
  19               	/* prologue: function */
  20               	/* frame size = 0 */
  21               	/* stack size = 0 */
  22               	.L__stack_usage = 0
  30:main.c        ****     // SetUp
  31:main.c        ****     UCSR0B      =   0;          // Disable USArt
  23               		.loc 1 31 5 view .LVU1
  24               		.loc 1 31 17 is_stmt 0 view .LVU2
  25 0000 1092 C100 		sts 193,__zero_reg__
  32:main.c        ****     LED_DDR     =   0xFF;       // Utilizando todas as portas D como saída
  26               		.loc 1 32 5 is_stmt 1 view .LVU3
GAS LISTING C:\Users\emanuel\AppData\Local\Temp\cc5fuPNk.s 			page 2


  27               		.loc 1 32 17 is_stmt 0 view .LVU4
  28 0004 8FEF      		ldi r24,lo8(-1)
  29 0006 8AB9      		out 0xa,r24
  33:main.c        ****     LED_PORT    =   0x00;       // Set all pins to LOW
  30               		.loc 1 33 5 is_stmt 1 view .LVU5
  31               		.loc 1 33 17 is_stmt 0 view .LVU6
  32 0008 1BB8      		out 0xb,__zero_reg__
  34:main.c        ****     BUTTON_DDR  =   0x00;       // Set B Port as input for simplicity
  33               		.loc 1 34 5 is_stmt 1 view .LVU7
  34               		.loc 1 34 17 is_stmt 0 view .LVU8
  35 000a 14B8      		out 0x4,__zero_reg__
  35:main.c        **** 
  36:main.c        ****     sei();                      // Enable global interrupts
  36               		.loc 1 36 5 is_stmt 1 view .LVU9
  37               	/* #APP */
  38               	 ;  36 "main.c" 1
  39 000c 7894      		sei
  40               	 ;  0 "" 2
  37:main.c        ****     SetBit(PCICR, INT_PORT);    // Enable PCINT interrupt on PCINT 0-7
  41               		.loc 1 37 5 view .LVU10
  42               	/* #NOAPP */
  43 000e E8E6      		ldi r30,lo8(104)
  44 0010 F0E0      		ldi r31,0
  45 0012 8081      		ld r24,Z
  46 0014 8160      		ori r24,lo8(1)
  47 0016 8083      		st Z,r24
  38:main.c        ****     SetBit(PCMSK0, BUTTON_PCI); // Set mask only for PB2
  48               		.loc 1 38 5 view .LVU11
  49 0018 EBE6      		ldi r30,lo8(107)
  50 001a F0E0      		ldi r31,0
  51 001c 8081      		ld r24,Z
  52 001e 8460      		ori r24,lo8(4)
  53 0020 8083      		st Z,r24
  54               	.L6:
  39:main.c        **** 
  40:main.c        ****     while(1) {
  55               		.loc 1 40 5 view .LVU12
  56               	.LBB9:
  41:main.c        ****         uint8_t pushed  = 0x01;  // Valor inicial do LED pushed
  57               		.loc 1 41 9 view .LVU13
  58               	.LVL0:
  42:main.c        ****         uint8_t pusher  = 0x00;  // Valor inicial do LED pusher
  59               		.loc 1 42 9 view .LVU14
  43:main.c        ****         Push_to_LED_Port(pushed, pusher);
  60               		.loc 1 43 9 view .LVU15
  61 0022 83E0      		ldi r24,lo8(3)
  62 0024 8BB9      		out 0xb,r24
  44:main.c        ****         _delay_ms(250);
  63               		.loc 1 44 9 view .LVU16
  64               	.LVL1:
  65               	.LBB10:
  66               	.LBI10:
  67               		.file 2 "c:\\vscode\\toolchains\\avr-gcc\\avr\\include\\util\\delay.h"
   1:c:\vscode\toolchains\avr-gcc\avr\include\util\delay.h **** /* Copyright (c) 2002, Marek Michalkiewicz
   2:c:\vscode\toolchains\avr-gcc\avr\include\util\delay.h ****    Copyright (c) 2004,2005,2007 Joerg Wunsch
   3:c:\vscode\toolchains\avr-gcc\avr\include\util\delay.h ****    Copyright (c) 2007  Florin-Viorel Petrov
   4:c:\vscode\toolchains\avr-gcc\avr\include\util\delay.h ****    All rights reserved.
GAS LISTING C:\Users\emanuel\AppData\Local\Temp\cc5fuPNk.s 			page 3


   5:c:\vscode\toolchains\avr-gcc\avr\include\util\delay.h **** 
   6:c:\vscode\toolchains\avr-gcc\avr\include\util\delay.h ****    Redistribution and use in source and binary forms, with or without
   7:c:\vscode\toolchains\avr-gcc\avr\include\util\delay.h ****    modification, are permitted provided that the following conditions are met:
   8:c:\vscode\toolchains\avr-gcc\avr\include\util\delay.h **** 
   9:c:\vscode\toolchains\avr-gcc\avr\include\util\delay.h ****    * Redistributions of source code must retain the above copyright
  10:c:\vscode\toolchains\avr-gcc\avr\include\util\delay.h ****      notice, this list of conditions and the following disclaimer.
  11:c:\vscode\toolchains\avr-gcc\avr\include\util\delay.h **** 
  12:c:\vscode\toolchains\avr-gcc\avr\include\util\delay.h ****    * Redistributions in binary form must reproduce the above copyright
  13:c:\vscode\toolchains\avr-gcc\avr\include\util\delay.h ****      notice, this list of conditions and the following disclaimer in
  14:c:\vscode\toolchains\avr-gcc\avr\include\util\delay.h ****      the documentation and/or other materials provided with the
  15:c:\vscode\toolchains\avr-gcc\avr\include\util\delay.h ****      distribution.
  16:c:\vscode\toolchains\avr-gcc\avr\include\util\delay.h **** 
  17:c:\vscode\toolchains\avr-gcc\avr\include\util\delay.h ****    * Neither the name of the copyright holders nor the names of
  18:c:\vscode\toolchains\avr-gcc\avr\include\util\delay.h ****      contributors may be used to endorse or promote products derived
  19:c:\vscode\toolchains\avr-gcc\avr\include\util\delay.h ****      from this software without specific prior written permission.
  20:c:\vscode\toolchains\avr-gcc\avr\include\util\delay.h **** 
  21:c:\vscode\toolchains\avr-gcc\avr\include\util\delay.h ****   THIS SOFTWARE IS PROVIDED BY THE COPYRIGHT HOLDERS AND CONTRIBUTORS "AS IS"
  22:c:\vscode\toolchains\avr-gcc\avr\include\util\delay.h ****   AND ANY EXPRESS OR IMPLIED WARRANTIES, INCLUDING, BUT NOT LIMITED TO, THE
  23:c:\vscode\toolchains\avr-gcc\avr\include\util\delay.h ****   IMPLIED WARRANTIES OF MERCHANTABILITY AND FITNESS FOR A PARTICULAR PURPOSE
  24:c:\vscode\toolchains\avr-gcc\avr\include\util\delay.h ****   ARE DISCLAIMED. IN NO EVENT SHALL THE COPYRIGHT OWNER OR CONTRIBUTORS BE
  25:c:\vscode\toolchains\avr-gcc\avr\include\util\delay.h ****   LIABLE FOR ANY DIRECT, INDIRECT, INCIDENTAL, SPECIAL, EXEMPLARY, OR
  26:c:\vscode\toolchains\avr-gcc\avr\include\util\delay.h ****   CONSEQUENTIAL DAMAGES (INCLUDING, BUT NOT LIMITED TO, PROCUREMENT OF
  27:c:\vscode\toolchains\avr-gcc\avr\include\util\delay.h ****   SUBSTITUTE GOODS OR SERVICES; LOSS OF USE, DATA, OR PROFITS; OR BUSINESS
  28:c:\vscode\toolchains\avr-gcc\avr\include\util\delay.h ****   INTERRUPTION) HOWEVER CAUSED AND ON ANY THEORY OF LIABILITY, WHETHER IN
  29:c:\vscode\toolchains\avr-gcc\avr\include\util\delay.h ****   CONTRACT, STRICT LIABILITY, OR TORT (INCLUDING NEGLIGENCE OR OTHERWISE)
  30:c:\vscode\toolchains\avr-gcc\avr\include\util\delay.h ****   ARISING IN ANY WAY OUT OF THE USE OF THIS SOFTWARE, EVEN IF ADVISED OF THE
  31:c:\vscode\toolchains\avr-gcc\avr\include\util\delay.h ****   POSSIBILITY OF SUCH DAMAGE. */
  32:c:\vscode\toolchains\avr-gcc\avr\include\util\delay.h **** 
  33:c:\vscode\toolchains\avr-gcc\avr\include\util\delay.h **** /* $Id$ */
  34:c:\vscode\toolchains\avr-gcc\avr\include\util\delay.h **** 
  35:c:\vscode\toolchains\avr-gcc\avr\include\util\delay.h **** #ifndef _UTIL_DELAY_H_
  36:c:\vscode\toolchains\avr-gcc\avr\include\util\delay.h **** #define _UTIL_DELAY_H_ 1
  37:c:\vscode\toolchains\avr-gcc\avr\include\util\delay.h **** 
  38:c:\vscode\toolchains\avr-gcc\avr\include\util\delay.h **** #ifndef __DOXYGEN__
  39:c:\vscode\toolchains\avr-gcc\avr\include\util\delay.h **** #  ifndef __HAS_DELAY_CYCLES
  40:c:\vscode\toolchains\avr-gcc\avr\include\util\delay.h **** #    define __HAS_DELAY_CYCLES 1
  41:c:\vscode\toolchains\avr-gcc\avr\include\util\delay.h **** #  endif
  42:c:\vscode\toolchains\avr-gcc\avr\include\util\delay.h **** #endif  /* __DOXYGEN__ */
  43:c:\vscode\toolchains\avr-gcc\avr\include\util\delay.h **** 
  44:c:\vscode\toolchains\avr-gcc\avr\include\util\delay.h **** #include <inttypes.h>
  45:c:\vscode\toolchains\avr-gcc\avr\include\util\delay.h **** #include <util/delay_basic.h>
  46:c:\vscode\toolchains\avr-gcc\avr\include\util\delay.h **** #include <math.h>
  47:c:\vscode\toolchains\avr-gcc\avr\include\util\delay.h **** 
  48:c:\vscode\toolchains\avr-gcc\avr\include\util\delay.h **** /** \file */
  49:c:\vscode\toolchains\avr-gcc\avr\include\util\delay.h **** /** \defgroup util_delay <util/delay.h>: Convenience functions for busy-wait delay loops
  50:c:\vscode\toolchains\avr-gcc\avr\include\util\delay.h ****     \code
  51:c:\vscode\toolchains\avr-gcc\avr\include\util\delay.h ****     #define F_CPU 1000000UL  // 1 MHz
  52:c:\vscode\toolchains\avr-gcc\avr\include\util\delay.h ****     //#define F_CPU 14.7456E6
  53:c:\vscode\toolchains\avr-gcc\avr\include\util\delay.h ****     #include <util/delay.h>
  54:c:\vscode\toolchains\avr-gcc\avr\include\util\delay.h ****     \endcode
  55:c:\vscode\toolchains\avr-gcc\avr\include\util\delay.h **** 
  56:c:\vscode\toolchains\avr-gcc\avr\include\util\delay.h ****     \note As an alternative method, it is possible to pass the
  57:c:\vscode\toolchains\avr-gcc\avr\include\util\delay.h ****     F_CPU macro down to the compiler from the Makefile.
  58:c:\vscode\toolchains\avr-gcc\avr\include\util\delay.h ****     Obviously, in that case, no \c \#define statement should be
  59:c:\vscode\toolchains\avr-gcc\avr\include\util\delay.h ****     used.
  60:c:\vscode\toolchains\avr-gcc\avr\include\util\delay.h **** 
  61:c:\vscode\toolchains\avr-gcc\avr\include\util\delay.h ****     The functions in this header file are wrappers around the basic
GAS LISTING C:\Users\emanuel\AppData\Local\Temp\cc5fuPNk.s 			page 4


  62:c:\vscode\toolchains\avr-gcc\avr\include\util\delay.h ****     busy-wait functions from <util/delay_basic.h>.  They are meant as
  63:c:\vscode\toolchains\avr-gcc\avr\include\util\delay.h ****     convenience functions where actual time values can be specified
  64:c:\vscode\toolchains\avr-gcc\avr\include\util\delay.h ****     rather than a number of cycles to wait for.  The idea behind is
  65:c:\vscode\toolchains\avr-gcc\avr\include\util\delay.h ****     that compile-time constant expressions will be eliminated by
  66:c:\vscode\toolchains\avr-gcc\avr\include\util\delay.h ****     compiler optimization so floating-point expressions can be used
  67:c:\vscode\toolchains\avr-gcc\avr\include\util\delay.h ****     to calculate the number of delay cycles needed based on the CPU
  68:c:\vscode\toolchains\avr-gcc\avr\include\util\delay.h ****     frequency passed by the macro F_CPU.
  69:c:\vscode\toolchains\avr-gcc\avr\include\util\delay.h **** 
  70:c:\vscode\toolchains\avr-gcc\avr\include\util\delay.h ****     \note In order for these functions to work as intended, compiler
  71:c:\vscode\toolchains\avr-gcc\avr\include\util\delay.h ****     optimizations <em>must</em> be enabled, and the delay time
  72:c:\vscode\toolchains\avr-gcc\avr\include\util\delay.h ****     <em>must</em> be an expression that is a known constant at
  73:c:\vscode\toolchains\avr-gcc\avr\include\util\delay.h ****     compile-time.  If these requirements are not met, the resulting
  74:c:\vscode\toolchains\avr-gcc\avr\include\util\delay.h ****     delay will be much longer (and basically unpredictable), and
  75:c:\vscode\toolchains\avr-gcc\avr\include\util\delay.h ****     applications that otherwise do not use floating-point calculations
  76:c:\vscode\toolchains\avr-gcc\avr\include\util\delay.h ****     will experience severe code bloat by the floating-point library
  77:c:\vscode\toolchains\avr-gcc\avr\include\util\delay.h ****     routines linked into the application.
  78:c:\vscode\toolchains\avr-gcc\avr\include\util\delay.h **** 
  79:c:\vscode\toolchains\avr-gcc\avr\include\util\delay.h ****     The functions available allow the specification of microsecond, and
  80:c:\vscode\toolchains\avr-gcc\avr\include\util\delay.h ****     millisecond delays directly, using the application-supplied macro
  81:c:\vscode\toolchains\avr-gcc\avr\include\util\delay.h ****     F_CPU as the CPU clock frequency (in Hertz).
  82:c:\vscode\toolchains\avr-gcc\avr\include\util\delay.h **** 
  83:c:\vscode\toolchains\avr-gcc\avr\include\util\delay.h **** */
  84:c:\vscode\toolchains\avr-gcc\avr\include\util\delay.h **** 
  85:c:\vscode\toolchains\avr-gcc\avr\include\util\delay.h **** #if !defined(__DOXYGEN__)
  86:c:\vscode\toolchains\avr-gcc\avr\include\util\delay.h **** static __inline__ void _delay_us(double __us) __attribute__((__always_inline__));
  87:c:\vscode\toolchains\avr-gcc\avr\include\util\delay.h **** static __inline__ void _delay_ms(double __ms) __attribute__((__always_inline__));
  88:c:\vscode\toolchains\avr-gcc\avr\include\util\delay.h **** #endif
  89:c:\vscode\toolchains\avr-gcc\avr\include\util\delay.h **** 
  90:c:\vscode\toolchains\avr-gcc\avr\include\util\delay.h **** #ifndef F_CPU
  91:c:\vscode\toolchains\avr-gcc\avr\include\util\delay.h **** /* prevent compiler error by supplying a default */
  92:c:\vscode\toolchains\avr-gcc\avr\include\util\delay.h **** # warning "F_CPU not defined for <util/delay.h>"
  93:c:\vscode\toolchains\avr-gcc\avr\include\util\delay.h **** /** \ingroup util_delay
  94:c:\vscode\toolchains\avr-gcc\avr\include\util\delay.h ****     \def F_CPU
  95:c:\vscode\toolchains\avr-gcc\avr\include\util\delay.h ****     \brief CPU frequency in Hz
  96:c:\vscode\toolchains\avr-gcc\avr\include\util\delay.h **** 
  97:c:\vscode\toolchains\avr-gcc\avr\include\util\delay.h ****     The macro F_CPU specifies the CPU frequency to be considered by
  98:c:\vscode\toolchains\avr-gcc\avr\include\util\delay.h ****     the delay macros.  This macro is normally supplied by the
  99:c:\vscode\toolchains\avr-gcc\avr\include\util\delay.h ****     environment (e.g. from within a project header, or the project's
 100:c:\vscode\toolchains\avr-gcc\avr\include\util\delay.h ****     Makefile).  The value 1 MHz here is only provided as a "vanilla"
 101:c:\vscode\toolchains\avr-gcc\avr\include\util\delay.h ****     fallback if no such user-provided definition could be found.
 102:c:\vscode\toolchains\avr-gcc\avr\include\util\delay.h **** 
 103:c:\vscode\toolchains\avr-gcc\avr\include\util\delay.h ****     In terms of the delay functions, the CPU frequency can be given as
 104:c:\vscode\toolchains\avr-gcc\avr\include\util\delay.h ****     a floating-point constant (e.g. 3.6864E6 for 3.6864 MHz).
 105:c:\vscode\toolchains\avr-gcc\avr\include\util\delay.h ****     However, the macros in <util/setbaud.h> require it to be an
 106:c:\vscode\toolchains\avr-gcc\avr\include\util\delay.h ****     integer value.
 107:c:\vscode\toolchains\avr-gcc\avr\include\util\delay.h ****  */
 108:c:\vscode\toolchains\avr-gcc\avr\include\util\delay.h **** # define F_CPU 1000000UL
 109:c:\vscode\toolchains\avr-gcc\avr\include\util\delay.h **** #endif
 110:c:\vscode\toolchains\avr-gcc\avr\include\util\delay.h **** 
 111:c:\vscode\toolchains\avr-gcc\avr\include\util\delay.h **** #ifndef __OPTIMIZE__
 112:c:\vscode\toolchains\avr-gcc\avr\include\util\delay.h **** # warning "Compiler optimizations disabled; functions from <util/delay.h> won't work as designed"
 113:c:\vscode\toolchains\avr-gcc\avr\include\util\delay.h **** #endif
 114:c:\vscode\toolchains\avr-gcc\avr\include\util\delay.h **** 
 115:c:\vscode\toolchains\avr-gcc\avr\include\util\delay.h **** #if __HAS_DELAY_CYCLES && defined(__OPTIMIZE__) && \
 116:c:\vscode\toolchains\avr-gcc\avr\include\util\delay.h ****   !defined(__DELAY_BACKWARD_COMPATIBLE__) &&	   \
 117:c:\vscode\toolchains\avr-gcc\avr\include\util\delay.h ****   __STDC_HOSTED__
 118:c:\vscode\toolchains\avr-gcc\avr\include\util\delay.h **** #  include <math.h>
GAS LISTING C:\Users\emanuel\AppData\Local\Temp\cc5fuPNk.s 			page 5


 119:c:\vscode\toolchains\avr-gcc\avr\include\util\delay.h **** #endif
 120:c:\vscode\toolchains\avr-gcc\avr\include\util\delay.h **** 
 121:c:\vscode\toolchains\avr-gcc\avr\include\util\delay.h **** /**
 122:c:\vscode\toolchains\avr-gcc\avr\include\util\delay.h ****    \ingroup util_delay
 123:c:\vscode\toolchains\avr-gcc\avr\include\util\delay.h **** 
 124:c:\vscode\toolchains\avr-gcc\avr\include\util\delay.h ****    Perform a delay of \c __ms milliseconds, using _delay_loop_2().
 125:c:\vscode\toolchains\avr-gcc\avr\include\util\delay.h **** 
 126:c:\vscode\toolchains\avr-gcc\avr\include\util\delay.h ****    The macro F_CPU is supposed to be defined to a
 127:c:\vscode\toolchains\avr-gcc\avr\include\util\delay.h ****    constant defining the CPU clock frequency (in Hertz).
 128:c:\vscode\toolchains\avr-gcc\avr\include\util\delay.h **** 
 129:c:\vscode\toolchains\avr-gcc\avr\include\util\delay.h ****    The maximal possible delay is 262.14 ms / F_CPU in MHz.
 130:c:\vscode\toolchains\avr-gcc\avr\include\util\delay.h **** 
 131:c:\vscode\toolchains\avr-gcc\avr\include\util\delay.h ****    When the user request delay which exceed the maximum possible one,
 132:c:\vscode\toolchains\avr-gcc\avr\include\util\delay.h ****    _delay_ms() provides a decreased resolution functionality. In this
 133:c:\vscode\toolchains\avr-gcc\avr\include\util\delay.h ****    mode _delay_ms() will work with a resolution of 1/10 ms, providing
 134:c:\vscode\toolchains\avr-gcc\avr\include\util\delay.h ****    delays up to 6.5535 seconds (independent from CPU frequency).  The
 135:c:\vscode\toolchains\avr-gcc\avr\include\util\delay.h ****    user will not be informed about decreased resolution.
 136:c:\vscode\toolchains\avr-gcc\avr\include\util\delay.h **** 
 137:c:\vscode\toolchains\avr-gcc\avr\include\util\delay.h ****    If the avr-gcc toolchain has __builtin_avr_delay_cycles()
 138:c:\vscode\toolchains\avr-gcc\avr\include\util\delay.h ****    support, maximal possible delay is 4294967.295 ms/ F_CPU in MHz. For
 139:c:\vscode\toolchains\avr-gcc\avr\include\util\delay.h ****    values greater than the maximal possible delay, overflows results in
 140:c:\vscode\toolchains\avr-gcc\avr\include\util\delay.h ****    no delay i.e., 0ms.
 141:c:\vscode\toolchains\avr-gcc\avr\include\util\delay.h **** 
 142:c:\vscode\toolchains\avr-gcc\avr\include\util\delay.h ****    Conversion of \c __ms into clock cycles may not always result in
 143:c:\vscode\toolchains\avr-gcc\avr\include\util\delay.h ****    integer.  By default, the clock cycles rounded up to next
 144:c:\vscode\toolchains\avr-gcc\avr\include\util\delay.h ****    integer. This ensures that the user gets at least \c __ms
 145:c:\vscode\toolchains\avr-gcc\avr\include\util\delay.h ****    microseconds of delay.
 146:c:\vscode\toolchains\avr-gcc\avr\include\util\delay.h **** 
 147:c:\vscode\toolchains\avr-gcc\avr\include\util\delay.h ****    Alternatively, by defining the macro \c __DELAY_ROUND_DOWN__, or
 148:c:\vscode\toolchains\avr-gcc\avr\include\util\delay.h ****    \c __DELAY_ROUND_CLOSEST__, before including this header file, the
 149:c:\vscode\toolchains\avr-gcc\avr\include\util\delay.h ****    algorithm can be made to round down, or round to closest integer,
 150:c:\vscode\toolchains\avr-gcc\avr\include\util\delay.h ****    respectively.
 151:c:\vscode\toolchains\avr-gcc\avr\include\util\delay.h **** 
 152:c:\vscode\toolchains\avr-gcc\avr\include\util\delay.h ****    \note
 153:c:\vscode\toolchains\avr-gcc\avr\include\util\delay.h **** 
 154:c:\vscode\toolchains\avr-gcc\avr\include\util\delay.h ****    The implementation of _delay_ms() based on
 155:c:\vscode\toolchains\avr-gcc\avr\include\util\delay.h ****    __builtin_avr_delay_cycles() is not backward compatible with older
 156:c:\vscode\toolchains\avr-gcc\avr\include\util\delay.h ****    implementations.  In order to get functionality backward compatible
 157:c:\vscode\toolchains\avr-gcc\avr\include\util\delay.h ****    with previous versions, the macro \c "__DELAY_BACKWARD_COMPATIBLE__"
 158:c:\vscode\toolchains\avr-gcc\avr\include\util\delay.h ****    must be defined before including this header file. Also, the
 159:c:\vscode\toolchains\avr-gcc\avr\include\util\delay.h ****    backward compatible algorithm will be chosen if the code is
 160:c:\vscode\toolchains\avr-gcc\avr\include\util\delay.h ****    compiled in a <em>freestanding environment</em> (GCC option
 161:c:\vscode\toolchains\avr-gcc\avr\include\util\delay.h ****    \c -ffreestanding), as the math functions required for rounding are
 162:c:\vscode\toolchains\avr-gcc\avr\include\util\delay.h ****    not available to the compiler then.
 163:c:\vscode\toolchains\avr-gcc\avr\include\util\delay.h **** 
 164:c:\vscode\toolchains\avr-gcc\avr\include\util\delay.h ****  */
 165:c:\vscode\toolchains\avr-gcc\avr\include\util\delay.h **** void
 166:c:\vscode\toolchains\avr-gcc\avr\include\util\delay.h **** _delay_ms(double __ms)
  68               		.loc 2 166 1 view .LVU17
  69               	.LBB11:
 167:c:\vscode\toolchains\avr-gcc\avr\include\util\delay.h **** {
 168:c:\vscode\toolchains\avr-gcc\avr\include\util\delay.h **** 	double __tmp ;
  70               		.loc 2 168 2 view .LVU18
 169:c:\vscode\toolchains\avr-gcc\avr\include\util\delay.h **** #if __HAS_DELAY_CYCLES && defined(__OPTIMIZE__) && \
 170:c:\vscode\toolchains\avr-gcc\avr\include\util\delay.h ****   !defined(__DELAY_BACKWARD_COMPATIBLE__) &&	   \
 171:c:\vscode\toolchains\avr-gcc\avr\include\util\delay.h ****   __STDC_HOSTED__
 172:c:\vscode\toolchains\avr-gcc\avr\include\util\delay.h **** 	uint32_t __ticks_dc;
GAS LISTING C:\Users\emanuel\AppData\Local\Temp\cc5fuPNk.s 			page 6


  71               		.loc 2 172 2 view .LVU19
 173:c:\vscode\toolchains\avr-gcc\avr\include\util\delay.h **** 	extern void __builtin_avr_delay_cycles(unsigned long);
  72               		.loc 2 173 2 view .LVU20
 174:c:\vscode\toolchains\avr-gcc\avr\include\util\delay.h **** 	__tmp = ((F_CPU) / 1e3) * __ms;
  73               		.loc 2 174 2 view .LVU21
 175:c:\vscode\toolchains\avr-gcc\avr\include\util\delay.h **** 
 176:c:\vscode\toolchains\avr-gcc\avr\include\util\delay.h **** 	#if defined(__DELAY_ROUND_DOWN__)
 177:c:\vscode\toolchains\avr-gcc\avr\include\util\delay.h **** 		__ticks_dc = (uint32_t)fabs(__tmp);
 178:c:\vscode\toolchains\avr-gcc\avr\include\util\delay.h **** 
 179:c:\vscode\toolchains\avr-gcc\avr\include\util\delay.h **** 	#elif defined(__DELAY_ROUND_CLOSEST__)
 180:c:\vscode\toolchains\avr-gcc\avr\include\util\delay.h **** 		__ticks_dc = (uint32_t)(fabs(__tmp)+0.5);
 181:c:\vscode\toolchains\avr-gcc\avr\include\util\delay.h **** 
 182:c:\vscode\toolchains\avr-gcc\avr\include\util\delay.h **** 	#else
 183:c:\vscode\toolchains\avr-gcc\avr\include\util\delay.h **** 		//round up by default
 184:c:\vscode\toolchains\avr-gcc\avr\include\util\delay.h **** 		__ticks_dc = (uint32_t)(ceil(fabs(__tmp)));
  74               		.loc 2 184 3 view .LVU22
 185:c:\vscode\toolchains\avr-gcc\avr\include\util\delay.h **** 	#endif
 186:c:\vscode\toolchains\avr-gcc\avr\include\util\delay.h **** 
 187:c:\vscode\toolchains\avr-gcc\avr\include\util\delay.h **** 	__builtin_avr_delay_cycles(__ticks_dc);
  75               		.loc 2 187 2 view .LVU23
  76 0026 2FEF      		ldi r18,lo8(799999)
  77 0028 34E3      		ldi r19,hi8(799999)
  78 002a 4CE0      		ldi r20,hlo8(799999)
  79 002c 2150      	1:	subi r18,1
  80 002e 3040      		sbci r19,0
  81 0030 4040      		sbci r20,0
  82 0032 01F4      		brne 1b
  83 0034 00C0      		rjmp .
  84 0036 0000      		nop
  85               	.LVL2:
  86               		.loc 2 187 2 is_stmt 0 view .LVU24
  87               	.LBE11:
  88               	.LBE10:
  45:main.c        ****         pusher++;
  89               		.loc 1 45 9 is_stmt 1 view .LVU25
  46:main.c        ****         Push_to_LED_Port(pushed, pusher);
  90               		.loc 1 46 9 view .LVU26
  91 0038 82E0      		ldi r24,lo8(2)
  92 003a 8BB9      		out 0xb,r24
  47:main.c        ****         _delay_ms(250);
  93               		.loc 1 47 9 view .LVU27
  94               	.LVL3:
  95               	.LBB12:
  96               	.LBI12:
 166:c:\vscode\toolchains\avr-gcc\avr\include\util\delay.h **** {
  97               		.loc 2 166 1 view .LVU28
  98               	.LBB13:
 168:c:\vscode\toolchains\avr-gcc\avr\include\util\delay.h **** #if __HAS_DELAY_CYCLES && defined(__OPTIMIZE__) && \
  99               		.loc 2 168 2 view .LVU29
 172:c:\vscode\toolchains\avr-gcc\avr\include\util\delay.h **** 	extern void __builtin_avr_delay_cycles(unsigned long);
 100               		.loc 2 172 2 view .LVU30
 173:c:\vscode\toolchains\avr-gcc\avr\include\util\delay.h **** 	__tmp = ((F_CPU) / 1e3) * __ms;
 101               		.loc 2 173 2 view .LVU31
 174:c:\vscode\toolchains\avr-gcc\avr\include\util\delay.h **** 
 102               		.loc 2 174 2 view .LVU32
 184:c:\vscode\toolchains\avr-gcc\avr\include\util\delay.h **** 	#endif
 103               		.loc 2 184 3 view .LVU33
GAS LISTING C:\Users\emanuel\AppData\Local\Temp\cc5fuPNk.s 			page 7


 104               		.loc 2 187 2 view .LVU34
 105 003c 8FEF      		ldi r24,lo8(799999)
 106 003e 94E3      		ldi r25,hi8(799999)
 107 0040 2CE0      		ldi r18,hlo8(799999)
 108 0042 8150      	1:	subi r24,1
 109 0044 9040      		sbci r25,0
 110 0046 2040      		sbci r18,0
 111 0048 01F4      		brne 1b
 112 004a 00C0      		rjmp .
 113 004c 0000      		nop
 114               	.LBE13:
 115               	.LBE12:
  45:main.c        ****         Push_to_LED_Port(pushed, pusher);
 116               		.loc 1 45 15 is_stmt 0 view .LVU35
 117 004e 81E0      		ldi r24,lo8(1)
  41:main.c        ****         uint8_t pusher  = 0x00;  // Valor inicial do LED pusher
 118               		.loc 1 41 17 view .LVU36
 119 0050 91E0      		ldi r25,lo8(1)
 120               	.LBB15:
 121               	.LBB14:
 188:c:\vscode\toolchains\avr-gcc\avr\include\util\delay.h **** 
 189:c:\vscode\toolchains\avr-gcc\avr\include\util\delay.h **** #else
 190:c:\vscode\toolchains\avr-gcc\avr\include\util\delay.h **** 	uint16_t __ticks;
 191:c:\vscode\toolchains\avr-gcc\avr\include\util\delay.h **** 	__tmp = ((F_CPU) / 4e3) * __ms;
 192:c:\vscode\toolchains\avr-gcc\avr\include\util\delay.h **** 	if (__tmp < 1.0)
 193:c:\vscode\toolchains\avr-gcc\avr\include\util\delay.h **** 		__ticks = 1;
 194:c:\vscode\toolchains\avr-gcc\avr\include\util\delay.h **** 	else if (__tmp > 65535)
 195:c:\vscode\toolchains\avr-gcc\avr\include\util\delay.h **** 	{
 196:c:\vscode\toolchains\avr-gcc\avr\include\util\delay.h **** 		//	__ticks = requested delay in 1/10 ms
 197:c:\vscode\toolchains\avr-gcc\avr\include\util\delay.h **** 		__ticks = (uint16_t) (__ms * 10.0);
 198:c:\vscode\toolchains\avr-gcc\avr\include\util\delay.h **** 		while(__ticks)
 199:c:\vscode\toolchains\avr-gcc\avr\include\util\delay.h **** 		{
 200:c:\vscode\toolchains\avr-gcc\avr\include\util\delay.h **** 			// wait 1/10 ms
 201:c:\vscode\toolchains\avr-gcc\avr\include\util\delay.h **** 			_delay_loop_2(((F_CPU) / 4e3) / 10);
 202:c:\vscode\toolchains\avr-gcc\avr\include\util\delay.h **** 			__ticks --;
 203:c:\vscode\toolchains\avr-gcc\avr\include\util\delay.h **** 		}
 204:c:\vscode\toolchains\avr-gcc\avr\include\util\delay.h **** 		return;
 205:c:\vscode\toolchains\avr-gcc\avr\include\util\delay.h **** 	}
 206:c:\vscode\toolchains\avr-gcc\avr\include\util\delay.h **** 	else
 207:c:\vscode\toolchains\avr-gcc\avr\include\util\delay.h **** 		__ticks = (uint16_t)__tmp;
 208:c:\vscode\toolchains\avr-gcc\avr\include\util\delay.h **** 	_delay_loop_2(__ticks);
 209:c:\vscode\toolchains\avr-gcc\avr\include\util\delay.h **** #endif
 210:c:\vscode\toolchains\avr-gcc\avr\include\util\delay.h **** }
 122               		.loc 2 210 1 view .LVU37
 123 0052 00C0      		rjmp .L2
 124               	.LVL4:
 125               	.L7:
 126               		.loc 2 210 1 view .LVU38
 127               	.LBE14:
 128               	.LBE15:
  48:main.c        **** 
  49:main.c        ****         while(pusher != 7) {
  50:main.c        ****             (pusher == pushed) ? (++pushed) : (++pusher);
 129               		.loc 1 50 45 discriminator 1 view .LVU39
 130 0054 9F5F      		subi r25,lo8(-(1))
 131               	.LVL5:
 132               	.L4:
GAS LISTING C:\Users\emanuel\AppData\Local\Temp\cc5fuPNk.s 			page 8


  51:main.c        ****             Push_to_LED_Port(pushed, pusher);
 133               		.loc 1 51 13 is_stmt 1 view .LVU40
 134 0056 21E0      		ldi r18,lo8(1)
 135 0058 30E0      		ldi r19,0
 136 005a A901      		movw r20,r18
 137 005c 092E      		mov r0,r25
 138 005e 00C0      		rjmp 2f
 139               		1:
 140 0060 440F      		lsl r20
 141 0062 551F      		rol r21
 142               		2:
 143 0064 0A94      		dec r0
 144 0066 02F4      		brpl 1b
 145 0068 082E      		mov r0,r24
 146 006a 00C0      		rjmp 2f
 147               		1:
 148 006c 220F      		lsl r18
 149 006e 331F      		rol r19
 150               		2:
 151 0070 0A94      		dec r0
 152 0072 02F4      		brpl 1b
 153 0074 422B      		or r20,r18
 154 0076 4BB9      		out 0xb,r20
  52:main.c        ****             _delay_ms(250);
 155               		.loc 1 52 13 view .LVU41
 156               	.LVL6:
 157               	.LBB16:
 158               	.LBI16:
 166:c:\vscode\toolchains\avr-gcc\avr\include\util\delay.h **** {
 159               		.loc 2 166 1 view .LVU42
 160               	.LBB17:
 168:c:\vscode\toolchains\avr-gcc\avr\include\util\delay.h **** #if __HAS_DELAY_CYCLES && defined(__OPTIMIZE__) && \
 161               		.loc 2 168 2 view .LVU43
 172:c:\vscode\toolchains\avr-gcc\avr\include\util\delay.h **** 	extern void __builtin_avr_delay_cycles(unsigned long);
 162               		.loc 2 172 2 view .LVU44
 173:c:\vscode\toolchains\avr-gcc\avr\include\util\delay.h **** 	__tmp = ((F_CPU) / 1e3) * __ms;
 163               		.loc 2 173 2 view .LVU45
 174:c:\vscode\toolchains\avr-gcc\avr\include\util\delay.h **** 
 164               		.loc 2 174 2 view .LVU46
 184:c:\vscode\toolchains\avr-gcc\avr\include\util\delay.h **** 	#endif
 165               		.loc 2 184 3 view .LVU47
 187:c:\vscode\toolchains\avr-gcc\avr\include\util\delay.h **** 
 166               		.loc 2 187 2 view .LVU48
 167 0078 3FEF      		ldi r19,lo8(799999)
 168 007a 44E3      		ldi r20,hi8(799999)
 169 007c 2CE0      		ldi r18,hlo8(799999)
 170 007e 3150      	1:	subi r19,1
 171 0080 4040      		sbci r20,0
 172 0082 2040      		sbci r18,0
 173 0084 01F4      		brne 1b
 174 0086 00C0      		rjmp .
 175 0088 0000      		nop
 176               	.LVL7:
 177               	.L2:
 187:c:\vscode\toolchains\avr-gcc\avr\include\util\delay.h **** 
 178               		.loc 2 187 2 is_stmt 0 view .LVU49
 179               	.LBE17:
GAS LISTING C:\Users\emanuel\AppData\Local\Temp\cc5fuPNk.s 			page 9


 180               	.LBE16:
  49:main.c        ****             (pusher == pushed) ? (++pushed) : (++pusher);
 181               		.loc 1 49 22 is_stmt 1 view .LVU50
 182 008a 8730      		cpi r24,lo8(7)
 183 008c 01F0      		breq .L6
  50:main.c        ****             Push_to_LED_Port(pushed, pusher);
 184               		.loc 1 50 13 view .LVU51
  50:main.c        ****             Push_to_LED_Port(pushed, pusher);
 185               		.loc 1 50 45 is_stmt 0 view .LVU52
 186 008e 9817      		cp r25,r24
 187 0090 01F0      		breq .L7
  50:main.c        ****             Push_to_LED_Port(pushed, pusher);
 188               		.loc 1 50 45 discriminator 2 view .LVU53
 189 0092 8F5F      		subi r24,lo8(-(1))
 190               	.LVL8:
  50:main.c        ****             Push_to_LED_Port(pushed, pusher);
 191               		.loc 1 50 45 discriminator 2 view .LVU54
 192 0094 00C0      		rjmp .L4
 193               	.LBE9:
 194               		.cfi_endproc
 195               	.LFE6:
 197               		.section	.text.__vector_5,"ax",@progbits
 198               	.global	__vector_5
 200               	__vector_5:
 201               	.LFB7:
  53:main.c        ****         }
  54:main.c        ****     }
  55:main.c        ****     return 0;
  56:main.c        **** }
  57:main.c        **** 
  58:main.c        **** ISR(BUTTON_INT)
  59:main.c        **** {
 202               		.loc 1 59 1 is_stmt 1 view -0
 203               		.cfi_startproc
 204 0000 1F92      		push r1
 205               		.cfi_def_cfa_offset 3
 206               		.cfi_offset 1, -2
 207 0002 0F92      		push r0
 208               		.cfi_def_cfa_offset 4
 209               		.cfi_offset 0, -3
 210 0004 0FB6      		in r0,__SREG__
 211 0006 0F92      		push r0
 212 0008 1124      		clr __zero_reg__
 213 000a 8F93      		push r24
 214               		.cfi_def_cfa_offset 5
 215               		.cfi_offset 24, -4
 216 000c 9F93      		push r25
 217               		.cfi_def_cfa_offset 6
 218               		.cfi_offset 25, -5
 219               	/* prologue: Signal */
 220               	/* frame size = 0 */
 221               	/* stack size = 5 */
 222               	.L__stack_usage = 5
  60:main.c        ****     cont = !cont;
 223               		.loc 1 60 5 view .LVU56
 224               		.loc 1 60 12 is_stmt 0 view .LVU57
 225 000e 9091 0000 		lds r25,cont
GAS LISTING C:\Users\emanuel\AppData\Local\Temp\cc5fuPNk.s 			page 10


 226 0012 81E0      		ldi r24,lo8(1)
 227 0014 9111      		cpse r25,__zero_reg__
 228 0016 80E0      		ldi r24,0
 229               	.L9:
 230               		.loc 1 60 10 view .LVU58
 231 0018 8093 0000 		sts cont,r24
  61:main.c        ****     if(!cont) {
 232               		.loc 1 61 5 is_stmt 1 view .LVU59
 233               		.loc 1 61 8 is_stmt 0 view .LVU60
 234 001c 8091 0000 		lds r24,cont
 235               		.loc 1 61 7 view .LVU61
 236 0020 8111      		cpse r24,__zero_reg__
 237 0022 00C0      		rjmp .L8
 238               	.L11:
  62:main.c        ****         while(isBitClear(BUTTON_PIN, BUTTON_BIT)) {}
 239               		.loc 1 62 52 is_stmt 1 discriminator 1 view .LVU62
 240               		.loc 1 62 15 discriminator 1 view .LVU63
 241 0024 1A9B      		sbis 0x3,2
 242 0026 00C0      		rjmp .L11
 243               	.L8:
 244               	/* epilogue start */
  63:main.c        ****     }
  64:main.c        **** }
 245               		.loc 1 64 1 is_stmt 0 view .LVU64
 246 0028 9F91      		pop r25
 247 002a 8F91      		pop r24
 248 002c 0F90      		pop r0
 249 002e 0FBE      		out __SREG__,r0
 250 0030 0F90      		pop r0
 251 0032 1F90      		pop r1
 252 0034 1895      		reti
 253               		.cfi_endproc
 254               	.LFE7:
 256               	.global	cont
 257               		.section	.data.cont,"aw"
 260               	cont:
 261 0000 01        		.byte	1
 262               		.text
 263               	.Letext0:
 264               		.file 3 "c:\\vscode\\toolchains\\avr-gcc\\avr\\include\\stdint.h"
 265               		.file 4 "c:\\vscode\\toolchains\\avr-gcc\\avr\\include\\math.h"
GAS LISTING C:\Users\emanuel\AppData\Local\Temp\cc5fuPNk.s 			page 11


DEFINED SYMBOLS
                            *ABS*:0000000000000000 main.c
C:\Users\emanuel\AppData\Local\Temp\cc5fuPNk.s:2      *ABS*:000000000000003e __SP_H__
C:\Users\emanuel\AppData\Local\Temp\cc5fuPNk.s:3      *ABS*:000000000000003d __SP_L__
C:\Users\emanuel\AppData\Local\Temp\cc5fuPNk.s:4      *ABS*:000000000000003f __SREG__
C:\Users\emanuel\AppData\Local\Temp\cc5fuPNk.s:5      *ABS*:0000000000000000 __tmp_reg__
C:\Users\emanuel\AppData\Local\Temp\cc5fuPNk.s:6      *ABS*:0000000000000001 __zero_reg__
C:\Users\emanuel\AppData\Local\Temp\cc5fuPNk.s:14     .text.main:0000000000000000 main
C:\Users\emanuel\AppData\Local\Temp\cc5fuPNk.s:17     .text.main:0000000000000000 .Loc.0
C:\Users\emanuel\AppData\Local\Temp\cc5fuPNk.s:18     .text.main:0000000000000000 L0
C:\Users\emanuel\AppData\Local\Temp\cc5fuPNk.s:23     .text.main:0000000000000000 .Loc.1
C:\Users\emanuel\AppData\Local\Temp\cc5fuPNk.s:24     .text.main:0000000000000000 .Loc.2
C:\Users\emanuel\AppData\Local\Temp\cc5fuPNk.s:26     .text.main:0000000000000004 .Loc.3
C:\Users\emanuel\AppData\Local\Temp\cc5fuPNk.s:27     .text.main:0000000000000004 .Loc.4
C:\Users\emanuel\AppData\Local\Temp\cc5fuPNk.s:30     .text.main:0000000000000008 .Loc.5
C:\Users\emanuel\AppData\Local\Temp\cc5fuPNk.s:31     .text.main:0000000000000008 .Loc.6
C:\Users\emanuel\AppData\Local\Temp\cc5fuPNk.s:33     .text.main:000000000000000a .Loc.7
C:\Users\emanuel\AppData\Local\Temp\cc5fuPNk.s:34     .text.main:000000000000000a .Loc.8
C:\Users\emanuel\AppData\Local\Temp\cc5fuPNk.s:36     .text.main:000000000000000c .Loc.9
C:\Users\emanuel\AppData\Local\Temp\cc5fuPNk.s:41     .text.main:000000000000000e .Loc.10
C:\Users\emanuel\AppData\Local\Temp\cc5fuPNk.s:48     .text.main:0000000000000018 .Loc.11
C:\Users\emanuel\AppData\Local\Temp\cc5fuPNk.s:55     .text.main:0000000000000022 .Loc.12
C:\Users\emanuel\AppData\Local\Temp\cc5fuPNk.s:57     .text.main:0000000000000022 .Loc.13
C:\Users\emanuel\AppData\Local\Temp\cc5fuPNk.s:59     .text.main:0000000000000022 .Loc.14
C:\Users\emanuel\AppData\Local\Temp\cc5fuPNk.s:60     .text.main:0000000000000022 .Loc.15
C:\Users\emanuel\AppData\Local\Temp\cc5fuPNk.s:63     .text.main:0000000000000026 .Loc.16
C:\Users\emanuel\AppData\Local\Temp\cc5fuPNk.s:68     .text.main:0000000000000026 .Loc.17
C:\Users\emanuel\AppData\Local\Temp\cc5fuPNk.s:70     .text.main:0000000000000026 .Loc.18
C:\Users\emanuel\AppData\Local\Temp\cc5fuPNk.s:71     .text.main:0000000000000026 .Loc.19
C:\Users\emanuel\AppData\Local\Temp\cc5fuPNk.s:72     .text.main:0000000000000026 .Loc.20
C:\Users\emanuel\AppData\Local\Temp\cc5fuPNk.s:73     .text.main:0000000000000026 .Loc.21
C:\Users\emanuel\AppData\Local\Temp\cc5fuPNk.s:74     .text.main:0000000000000026 .Loc.22
C:\Users\emanuel\AppData\Local\Temp\cc5fuPNk.s:75     .text.main:0000000000000026 .Loc.23
C:\Users\emanuel\AppData\Local\Temp\cc5fuPNk.s:83     .text.main:0000000000000036 L0
C:\Users\emanuel\AppData\Local\Temp\cc5fuPNk.s:86     .text.main:0000000000000038 .Loc.24
C:\Users\emanuel\AppData\Local\Temp\cc5fuPNk.s:89     .text.main:0000000000000038 .Loc.25
C:\Users\emanuel\AppData\Local\Temp\cc5fuPNk.s:90     .text.main:0000000000000038 .Loc.26
C:\Users\emanuel\AppData\Local\Temp\cc5fuPNk.s:93     .text.main:000000000000003c .Loc.27
C:\Users\emanuel\AppData\Local\Temp\cc5fuPNk.s:97     .text.main:000000000000003c .Loc.28
C:\Users\emanuel\AppData\Local\Temp\cc5fuPNk.s:99     .text.main:000000000000003c .Loc.29
C:\Users\emanuel\AppData\Local\Temp\cc5fuPNk.s:100    .text.main:000000000000003c .Loc.30
C:\Users\emanuel\AppData\Local\Temp\cc5fuPNk.s:101    .text.main:000000000000003c .Loc.31
C:\Users\emanuel\AppData\Local\Temp\cc5fuPNk.s:102    .text.main:000000000000003c .Loc.32
C:\Users\emanuel\AppData\Local\Temp\cc5fuPNk.s:103    .text.main:000000000000003c .Loc.33
C:\Users\emanuel\AppData\Local\Temp\cc5fuPNk.s:104    .text.main:000000000000003c .Loc.34
C:\Users\emanuel\AppData\Local\Temp\cc5fuPNk.s:112    .text.main:000000000000004c L0
C:\Users\emanuel\AppData\Local\Temp\cc5fuPNk.s:116    .text.main:000000000000004e .Loc.35
C:\Users\emanuel\AppData\Local\Temp\cc5fuPNk.s:118    .text.main:0000000000000050 .Loc.36
C:\Users\emanuel\AppData\Local\Temp\cc5fuPNk.s:122    .text.main:0000000000000052 .Loc.37
C:\Users\emanuel\AppData\Local\Temp\cc5fuPNk.s:126    .text.main:0000000000000054 .Loc.38
C:\Users\emanuel\AppData\Local\Temp\cc5fuPNk.s:129    .text.main:0000000000000054 .Loc.39
C:\Users\emanuel\AppData\Local\Temp\cc5fuPNk.s:133    .text.main:0000000000000056 .Loc.40
C:\Users\emanuel\AppData\Local\Temp\cc5fuPNk.s:155    .text.main:0000000000000078 .Loc.41
C:\Users\emanuel\AppData\Local\Temp\cc5fuPNk.s:159    .text.main:0000000000000078 .Loc.42
C:\Users\emanuel\AppData\Local\Temp\cc5fuPNk.s:161    .text.main:0000000000000078 .Loc.43
C:\Users\emanuel\AppData\Local\Temp\cc5fuPNk.s:162    .text.main:0000000000000078 .Loc.44
C:\Users\emanuel\AppData\Local\Temp\cc5fuPNk.s:163    .text.main:0000000000000078 .Loc.45
GAS LISTING C:\Users\emanuel\AppData\Local\Temp\cc5fuPNk.s 			page 12


C:\Users\emanuel\AppData\Local\Temp\cc5fuPNk.s:164    .text.main:0000000000000078 .Loc.46
C:\Users\emanuel\AppData\Local\Temp\cc5fuPNk.s:165    .text.main:0000000000000078 .Loc.47
C:\Users\emanuel\AppData\Local\Temp\cc5fuPNk.s:166    .text.main:0000000000000078 .Loc.48
C:\Users\emanuel\AppData\Local\Temp\cc5fuPNk.s:174    .text.main:0000000000000088 L0
C:\Users\emanuel\AppData\Local\Temp\cc5fuPNk.s:178    .text.main:000000000000008a .Loc.49
C:\Users\emanuel\AppData\Local\Temp\cc5fuPNk.s:181    .text.main:000000000000008a .Loc.50
C:\Users\emanuel\AppData\Local\Temp\cc5fuPNk.s:184    .text.main:000000000000008e .Loc.51
C:\Users\emanuel\AppData\Local\Temp\cc5fuPNk.s:185    .text.main:000000000000008e .Loc.52
C:\Users\emanuel\AppData\Local\Temp\cc5fuPNk.s:188    .text.main:0000000000000092 .Loc.53
C:\Users\emanuel\AppData\Local\Temp\cc5fuPNk.s:191    .text.main:0000000000000094 .Loc.54
C:\Users\emanuel\AppData\Local\Temp\cc5fuPNk.s:194    .text.main:0000000000000096 L0
C:\Users\emanuel\AppData\Local\Temp\cc5fuPNk.s:200    .text.__vector_5:0000000000000000 __vector_5
C:\Users\emanuel\AppData\Local\Temp\cc5fuPNk.s:202    .text.__vector_5:0000000000000000 .Loc.55
C:\Users\emanuel\AppData\Local\Temp\cc5fuPNk.s:203    .text.__vector_5:0000000000000000 L0
C:\Users\emanuel\AppData\Local\Temp\cc5fuPNk.s:223    .text.__vector_5:000000000000000e .Loc.56
C:\Users\emanuel\AppData\Local\Temp\cc5fuPNk.s:224    .text.__vector_5:000000000000000e .Loc.57
C:\Users\emanuel\AppData\Local\Temp\cc5fuPNk.s:260    .data.cont:0000000000000000 cont
C:\Users\emanuel\AppData\Local\Temp\cc5fuPNk.s:230    .text.__vector_5:0000000000000018 .Loc.58
C:\Users\emanuel\AppData\Local\Temp\cc5fuPNk.s:232    .text.__vector_5:000000000000001c .Loc.59
C:\Users\emanuel\AppData\Local\Temp\cc5fuPNk.s:233    .text.__vector_5:000000000000001c .Loc.60
C:\Users\emanuel\AppData\Local\Temp\cc5fuPNk.s:235    .text.__vector_5:0000000000000020 .Loc.61
C:\Users\emanuel\AppData\Local\Temp\cc5fuPNk.s:239    .text.__vector_5:0000000000000024 .Loc.62
C:\Users\emanuel\AppData\Local\Temp\cc5fuPNk.s:240    .text.__vector_5:0000000000000024 .Loc.63
C:\Users\emanuel\AppData\Local\Temp\cc5fuPNk.s:245    .text.__vector_5:0000000000000028 .Loc.64
C:\Users\emanuel\AppData\Local\Temp\cc5fuPNk.s:253    .text.__vector_5:0000000000000036 L0
C:\Users\emanuel\AppData\Local\Temp\cc5fuPNk.s:197    .text.main:0000000000000096 L0
C:\Users\emanuel\AppData\Local\Temp\cc5fuPNk.s:257    .text.__vector_5:0000000000000036 L0
                     .debug_frame:0000000000000000 L0
C:\Users\emanuel\AppData\Local\Temp\cc5fuPNk.s:79     .text.main:000000000000002c .L11
C:\Users\emanuel\AppData\Local\Temp\cc5fuPNk.s:108    .text.main:0000000000000042 .L12
C:\Users\emanuel\AppData\Local\Temp\cc5fuPNk.s:177    .text.main:000000000000008a .L2
C:\Users\emanuel\AppData\Local\Temp\cc5fuPNk.s:142    .text.main:0000000000000064 .L21
C:\Users\emanuel\AppData\Local\Temp\cc5fuPNk.s:139    .text.main:0000000000000060 .L13
C:\Users\emanuel\AppData\Local\Temp\cc5fuPNk.s:150    .text.main:0000000000000070 .L22
C:\Users\emanuel\AppData\Local\Temp\cc5fuPNk.s:147    .text.main:000000000000006c .L14
C:\Users\emanuel\AppData\Local\Temp\cc5fuPNk.s:170    .text.main:000000000000007e .L15
C:\Users\emanuel\AppData\Local\Temp\cc5fuPNk.s:54     .text.main:0000000000000022 .L6
C:\Users\emanuel\AppData\Local\Temp\cc5fuPNk.s:125    .text.main:0000000000000054 .L7
C:\Users\emanuel\AppData\Local\Temp\cc5fuPNk.s:132    .text.main:0000000000000056 .L4
C:\Users\emanuel\AppData\Local\Temp\cc5fuPNk.s:243    .text.__vector_5:0000000000000028 .L8
C:\Users\emanuel\AppData\Local\Temp\cc5fuPNk.s:238    .text.__vector_5:0000000000000024 .L11
C:\Users\emanuel\AppData\Local\Temp\cc5fuPNk.s:495    .debug_abbrev:0000000000000000 .Ldebug_abbrev0
C:\Users\emanuel\AppData\Local\Temp\cc5fuPNk.s:1072   .debug_rnglists:0000000000000018 .LLRL12
C:\Users\emanuel\AppData\Local\Temp\cc5fuPNk.s:1082   .debug_line:0000000000000000 .Ldebug_line0
C:\Users\emanuel\AppData\Local\Temp\cc5fuPNk.s:201    .text.__vector_5:0000000000000000 .LFB7
C:\Users\emanuel\AppData\Local\Temp\cc5fuPNk.s:254    .text.__vector_5:0000000000000036 .LFE7
C:\Users\emanuel\AppData\Local\Temp\cc5fuPNk.s:15     .text.main:0000000000000000 .LFB6
C:\Users\emanuel\AppData\Local\Temp\cc5fuPNk.s:195    .text.main:0000000000000096 .LFE6
C:\Users\emanuel\AppData\Local\Temp\cc5fuPNk.s:56     .text.main:0000000000000022 .LBB9
C:\Users\emanuel\AppData\Local\Temp\cc5fuPNk.s:193    .text.main:0000000000000096 .LBE9
C:\Users\emanuel\AppData\Local\Temp\cc5fuPNk.s:888    .debug_loclists:0000000000000010 .LLST0
C:\Users\emanuel\AppData\Local\Temp\cc5fuPNk.s:883    .debug_loclists:000000000000000c .LVUS0
C:\Users\emanuel\AppData\Local\Temp\cc5fuPNk.s:910    .debug_loclists:0000000000000027 .LLST1
C:\Users\emanuel\AppData\Local\Temp\cc5fuPNk.s:903    .debug_loclists:0000000000000021 .LVUS1
C:\Users\emanuel\AppData\Local\Temp\cc5fuPNk.s:66     .text.main:0000000000000026 .LBI10
C:\Users\emanuel\AppData\Local\Temp\cc5fuPNk.s:65     .text.main:0000000000000026 .LBB10
C:\Users\emanuel\AppData\Local\Temp\cc5fuPNk.s:88     .text.main:0000000000000038 .LBE10
GAS LISTING C:\Users\emanuel\AppData\Local\Temp\cc5fuPNk.s 			page 13


C:\Users\emanuel\AppData\Local\Temp\cc5fuPNk.s:934    .debug_loclists:0000000000000040 .LLST2
C:\Users\emanuel\AppData\Local\Temp\cc5fuPNk.s:931    .debug_loclists:000000000000003e .LVUS2
C:\Users\emanuel\AppData\Local\Temp\cc5fuPNk.s:946    .debug_loclists:0000000000000050 .LLST3
C:\Users\emanuel\AppData\Local\Temp\cc5fuPNk.s:943    .debug_loclists:000000000000004e .LVUS3
C:\Users\emanuel\AppData\Local\Temp\cc5fuPNk.s:958    .debug_loclists:0000000000000060 .LLST4
C:\Users\emanuel\AppData\Local\Temp\cc5fuPNk.s:955    .debug_loclists:000000000000005e .LVUS4
C:\Users\emanuel\AppData\Local\Temp\cc5fuPNk.s:96     .text.main:000000000000003c .LBI12
C:\Users\emanuel\AppData\Local\Temp\cc5fuPNk.s:1062   .debug_rnglists:000000000000000c .LLRL5
C:\Users\emanuel\AppData\Local\Temp\cc5fuPNk.s:970    .debug_loclists:0000000000000070 .LLST6
C:\Users\emanuel\AppData\Local\Temp\cc5fuPNk.s:967    .debug_loclists:000000000000006e .LVUS6
C:\Users\emanuel\AppData\Local\Temp\cc5fuPNk.s:982    .debug_loclists:0000000000000080 .LLST7
C:\Users\emanuel\AppData\Local\Temp\cc5fuPNk.s:979    .debug_loclists:000000000000007e .LVUS7
C:\Users\emanuel\AppData\Local\Temp\cc5fuPNk.s:994    .debug_loclists:0000000000000090 .LLST8
C:\Users\emanuel\AppData\Local\Temp\cc5fuPNk.s:991    .debug_loclists:000000000000008e .LVUS8
C:\Users\emanuel\AppData\Local\Temp\cc5fuPNk.s:158    .text.main:0000000000000078 .LBI16
C:\Users\emanuel\AppData\Local\Temp\cc5fuPNk.s:157    .text.main:0000000000000078 .LBB16
C:\Users\emanuel\AppData\Local\Temp\cc5fuPNk.s:180    .text.main:000000000000008a .LBE16
C:\Users\emanuel\AppData\Local\Temp\cc5fuPNk.s:1006   .debug_loclists:00000000000000a0 .LLST9
C:\Users\emanuel\AppData\Local\Temp\cc5fuPNk.s:1003   .debug_loclists:000000000000009e .LVUS9
C:\Users\emanuel\AppData\Local\Temp\cc5fuPNk.s:1018   .debug_loclists:00000000000000b0 .LLST10
C:\Users\emanuel\AppData\Local\Temp\cc5fuPNk.s:1015   .debug_loclists:00000000000000ae .LVUS10
C:\Users\emanuel\AppData\Local\Temp\cc5fuPNk.s:1030   .debug_loclists:00000000000000c0 .LLST11
C:\Users\emanuel\AppData\Local\Temp\cc5fuPNk.s:1027   .debug_loclists:00000000000000be .LVUS11
C:\Users\emanuel\AppData\Local\Temp\cc5fuPNk.s:58     .text.main:0000000000000022 .LVL0
C:\Users\emanuel\AppData\Local\Temp\cc5fuPNk.s:64     .text.main:0000000000000026 .LVL1
C:\Users\emanuel\AppData\Local\Temp\cc5fuPNk.s:94     .text.main:000000000000003c .LVL3
C:\Users\emanuel\AppData\Local\Temp\cc5fuPNk.s:156    .text.main:0000000000000078 .LVL6
C:\Users\emanuel\AppData\Local\Temp\cc5fuPNk.s:267    .debug_info:0000000000000000 .Ldebug_info0
C:\Users\emanuel\AppData\Local\Temp\cc5fuPNk.s:95     .text.main:000000000000003c .LBB12

UNDEFINED SYMBOLS
__do_copy_data
